# JRE version: OpenJDK Runtime Environment (8.0_40-b09) (build 1.8.0_40-internal-b09)
# Java VM: OpenJDK 64-Bit Server VM (25.40-b13 mixed mode linux-amd64 compressed oops)
Heap:
 par new generation   total 39296K, used 12730K [0x00000000d1200000, 0x00000000d3ca0000, 0x00000000e0c00000)
  eden space 34944K,  24% used [0x00000000d1200000, 0x00000000d1a35b28, 0x00000000d3420000)
  from space 4352K,  99% used [0x00000000d3420000, 0x00000000d3858d80, 0x00000000d3860000)
  to   space 4352K,   0% used [0x00000000d3860000, 0x00000000d3860000, 0x00000000d3ca0000)
 concurrent mark-sweep generation total 463932K, used 368456K [0x00000000e0c00000, 0x00000000fd10f000, 0x0000000100000000)
 Metaspace       used 181914K, capacity 184984K, committed 185256K, reserved 1210368K
  class space    used 24199K, capacity 25018K, committed 25056K, reserved 1048576K
GC Heap History (10 events):
Event: 26750,423 GC heap before
{Heap before GC invocations=2267 (full 15):
 par new generation   total 39296K, used 39296K [0x00000000d1200000, 0x00000000d3ca0000, 0x00000000e0c00000)
  eden space 34944K, 100% used [0x00000000d1200000, 0x00000000d3420000, 0x00000000d3420000)
  from space 4352K, 100% used [0x00000000d3860000, 0x00000000d3ca0000, 0x00000000d3ca0000)
  to   space 4352K,   0% used [0x00000000d3420000, 0x00000000d3420000, 0x00000000d3860000)
 concurrent mark-sweep generation total 463932K, used 364248K [0x00000000e0c00000, 0x00000000fd10f000, 0x0000000100000000)
 Metaspace       used 181472K, capacity 184494K, committed 184616K, reserved 1208320K
  class space    used 24136K, capacity 24915K, committed 24928K, reserved 1048576K
Event: 26750,447 GC heap after
Heap after GC invocations=2268 (full 15):
 par new generation   total 39296K, used 604K [0x00000000d1200000, 0x00000000d3ca0000, 0x00000000e0c00000)
  eden space 34944K,   0% used [0x00000000d1200000, 0x00000000d1200000, 0x00000000d3420000)
  from space 4352K,  13% used [0x00000000d3420000, 0x00000000d34b73b0, 0x00000000d3860000)
  to   space 4352K,   0% used [0x00000000d3860000, 0x00000000d3860000, 0x00000000d3ca0000)
 concurrent mark-sweep generation total 463932K, used 368456K [0x00000000e0c00000, 0x00000000fd10f000, 0x0000000100000000)
 Metaspace       used 181472K, capacity 184494K, committed 184616K, reserved 1208320K
  class space    used 24136K, capacity 24915K, committed 24928K, reserved 1048576K
}
Event: 26805,923 GC heap before
{Heap before GC invocations=2268 (full 15):
 par new generation   total 39296K, used 35548K [0x00000000d1200000, 0x00000000d3ca0000, 0x00000000e0c00000)
  eden space 34944K, 100% used [0x00000000d1200000, 0x00000000d3420000, 0x00000000d3420000)
  from space 4352K,  13% used [0x00000000d3420000, 0x00000000d34b73b0, 0x00000000d3860000)
  to   space 4352K,   0% used [0x00000000d3860000, 0x00000000d3860000, 0x00000000d3ca0000)
 concurrent mark-sweep generation total 463932K, used 368456K [0x00000000e0c00000, 0x00000000fd10f000, 0x0000000100000000)
 Metaspace       used 181475K, capacity 184494K, committed 184616K, reserved 1208320K
  class space    used 24136K, capacity 24915K, committed 24928K, reserved 1048576K
Event: 26805,929 GC heap after
Heap after GC invocations=2269 (full 15):
 par new generation   total 39296K, used 823K [0x00000000d1200000, 0x00000000d3ca0000, 0x00000000e0c00000)
  eden space 34944K,   0% used [0x00000000d1200000, 0x00000000d1200000, 0x00000000d3420000)
  from space 4352K,  18% used [0x00000000d3860000, 0x00000000d392df10, 0x00000000d3ca0000)
  to   space 4352K,   0% used [0x00000000d3420000, 0x00000000d3420000, 0x00000000d3860000)
 concurrent mark-sweep generation total 463932K, used 368456K [0x00000000e0c00000, 0x00000000fd10f000, 0x0000000100000000)
 Metaspace       used 181475K, capacity 184494K, committed 184616K, reserved 1208320K
  class space    used 24136K, capacity 24915K, committed 24928K, reserved 1048576K
}
Event: 26807,256 GC heap before
{Heap before GC invocations=2269 (full 15):
 par new generation   total 39296K, used 35767K [0x00000000d1200000, 0x00000000d3ca0000, 0x00000000e0c00000)
  eden space 34944K, 100% used [0x00000000d1200000, 0x00000000d3420000, 0x00000000d3420000)
  from space 4352K,  18% used [0x00000000d3860000, 0x00000000d392df10, 0x00000000d3ca0000)
  to   space 4352K,   0% used [0x00000000d3420000, 0x00000000d3420000, 0x00000000d3860000)
 concurrent mark-sweep generation total 463932K, used 368456K [0x00000000e0c00000, 0x00000000fd10f000, 0x0000000100000000)
 Metaspace       used 181475K, capacity 184494K, committed 184616K, reserved 1208320K
  class space    used 24136K, capacity 24915K, committed 24928K, reserved 1048576K
Event: 26807,261 GC heap after
Heap after GC invocations=2270 (full 15):
 par new generation   total 39296K, used 2218K [0x00000000d1200000, 0x00000000d3ca0000, 0x00000000e0c00000)
  eden space 34944K,   0% used [0x00000000d1200000, 0x00000000d1200000, 0x00000000d3420000)
  from space 4352K,  50% used [0x00000000d3420000, 0x00000000d364ab58, 0x00000000d3860000)
  to   space 4352K,   0% used [0x00000000d3860000, 0x00000000d3860000, 0x00000000d3ca0000)
 concurrent mark-sweep generation total 463932K, used 368456K [0x00000000e0c00000, 0x00000000fd10f000, 0x0000000100000000)
 Metaspace       used 181475K, capacity 184494K, committed 184616K, reserved 1208320K
  class space    used 24136K, capacity 24915K, committed 24928K, reserved 1048576K
}
Event: 26869,886 GC heap before
{Heap before GC invocations=2270 (full 15):
 par new generation   total 39296K, used 37162K [0x00000000d1200000, 0x00000000d3ca0000, 0x00000000e0c00000)
  eden space 34944K, 100% used [0x00000000d1200000, 0x00000000d3420000, 0x00000000d3420000)
  from space 4352K,  50% used [0x00000000d3420000, 0x00000000d364ab58, 0x00000000d3860000)
  to   space 4352K,   0% used [0x00000000d3860000, 0x00000000d3860000, 0x00000000d3ca0000)
 concurrent mark-sweep generation total 463932K, used 368456K [0x00000000e0c00000, 0x00000000fd10f000, 0x0000000100000000)
 Metaspace       used 181479K, capacity 184494K, committed 184616K, reserved 1208320K
  class space    used 24136K, capacity 24915K, committed 24928K, reserved 1048576K
Event: 26869,894 GC heap after
Heap after GC invocations=2271 (full 15):
 par new generation   total 39296K, used 2255K [0x00000000d1200000, 0x00000000d3ca0000, 0x00000000e0c00000)
  eden space 34944K,   0% used [0x00000000d1200000, 0x00000000d1200000, 0x00000000d3420000)
  from space 4352K,  51% used [0x00000000d3860000, 0x00000000d3a93e50, 0x00000000d3ca0000)
  to   space 4352K,   0% used [0x00000000d3420000, 0x00000000d3420000, 0x00000000d3860000)
 concurrent mark-sweep generation total 463932K, used 368456K [0x00000000e0c00000, 0x00000000fd10f000, 0x0000000100000000)
 Metaspace       used 181479K, capacity 184494K, committed 184616K, reserved 1208320K
  class space    used 24136K, capacity 24915K, committed 24928K, reserved 1048576K
}
Event: 26918,224 GC heap before
{Heap before GC invocations=2271 (full 15):
 par new generation   total 39296K, used 37199K [0x00000000d1200000, 0x00000000d3ca0000, 0x00000000e0c00000)
  eden space 34944K, 100% used [0x00000000d1200000, 0x00000000d3420000, 0x00000000d3420000)
  from space 4352K,  51% used [0x00000000d3860000, 0x00000000d3a93e50, 0x00000000d3ca0000)
  to   space 4352K,   0% used [0x00000000d3420000, 0x00000000d3420000, 0x00000000d3860000)
 concurrent mark-sweep generation total 463932K, used 368456K [0x00000000e0c00000, 0x00000000fd10f000, 0x0000000100000000)
 Metaspace       used 181707K, capacity 184724K, committed 185000K, reserved 1210368K
  class space    used 24170K, capacity 24948K, committed 25056K, reserved 1048576K
Event: 26918,465 GC heap after
Heap after GC invocations=2272 (full 15):
 par new generation   total 39296K, used 4323K [0x00000000d1200000, 0x00000000d3ca0000, 0x00000000e0c00000)
  eden space 34944K,   0% used [0x00000000d1200000, 0x00000000d1200000, 0x00000000d3420000)
  from space 4352K,  99% used [0x00000000d3420000, 0x00000000d3858d80, 0x00000000d3860000)
  to   space 4352K,   0% used [0x00000000d3860000, 0x00000000d3860000, 0x00000000d3ca0000)
 concurrent mark-sweep generation total 463932K, used 368456K [0x00000000e0c00000, 0x00000000fd10f000, 0x0000000100000000)
 Metaspace       used 181707K, capacity 184724K, committed 185000K, reserved 1210368K
  class space    used 24170K, capacity 24948K, committed 25056K, reserved 1048576K
}

